#
# A fatal error has been detected by the Java Runtime Environment:
#
#  EXCEPTION_ACCESS_VIOLATION (0xc0000005) at pc=0x00007fffc6c7c047, pid=13028, tid=1840
#
# JRE version: OpenJDK Runtime Environment (21.0.7+9) (build 21.0.7+9-LTS)
# Java VM: OpenJDK 64-Bit Server VM (21.0.7+9-LTS, mixed mode, sharing, tiered, compressed oops, compressed class ptrs, g1 gc, windows-amd64)
# Problematic frame:
# V  [jvm.dll+0x65c047]
#
# No core dump will be written. Minidumps are not enabled by default on client versions of Windows
#
# If you would like to submit a bug report, please visit:
#   https://bell-sw.com/support
#

---------------  S U M M A R Y ------------

Command Line: -javaagent:C:\Program Files\JetBrains\IntelliJ IDEA Community Edition 2025.1.1.1\lib\idea_rt.jar=61458 -Dfile.encoding=UTF-8 -Dsun.stdout.encoding=UTF-8 -Dsun.stderr.encoding=UTF-8 org.esfe.SantaSofiaSysApplication

Host: Intel(R) Celeron(R) N4120 CPU @ 1.10GHz, 4 cores, 3G,  Windows 11 , 64 bit Build 26100 (10.0.26100.3037)
Time: Mon Aug 18 14:29:15 2025 Hora estándar, América Central elapsed time: 102.401418 seconds (0d 0h 1m 42s)

---------------  T H R E A D  ---------------

Current thread (0x000001bae532cc50):  WorkerThread "GC Thread#1"    [id=1840, stack(0x0000009040300000,0x0000009040400000) (1024K)]

Stack: [0x0000009040300000,0x0000009040400000],  sp=0x00000090403ff630,  free space=1021k
Native frames: (J=compiled Java code, j=interpreted, Vv=VM code, C=native code)
V  [jvm.dll+0x65c047]
V  [jvm.dll+0x35ddef]
V  [jvm.dll+0x35efba]
V  [jvm.dll+0x35b6ee]
V  [jvm.dll+0x3686eb]
V  [jvm.dll+0x36a3a9]
V  [jvm.dll+0x368bca]
V  [jvm.dll+0x369fe7]
V  [jvm.dll+0x374513]
V  [jvm.dll+0x37465b]
V  [jvm.dll+0x8df007]
V  [jvm.dll+0x859ed8]
V  [jvm.dll+0x6d3f3d]
C  [ucrtbase.dll+0x37b0]
C  [KERNEL32.DLL+0x2e8d7]
C  [ntdll.dll+0xbbf2c]


siginfo: EXCEPTION_ACCESS_VIOLATION (0xc0000005), reading address 0x0000000000000000


Registers:
RAX=0x0000000000000000, RBX=0x0000000000000001, RCX=0x00000090403ff6a0, RDX=0x00000090403ff6b0
RSP=0x00000090403ff630, RBP=0x0000000000000000, RSI=0x000001ba84cac480, RDI=0x0000000000000000
R8 =0x0000000000000000, R9 =0x00000000baa00000, R10=0x00000000c51a03d8, R11=0x00007ff84f261809
R12=0x0000000000000014, R13=0x00000000c51a03d8, R14=0x000001baea0447d0, R15=0x000001baa0000011
RIP=0x00007fffc6c7c047, EFLAGS=0x0000000000010246

XMM[0]=0x0000000000006b98 0x0000000000000011
XMM[1]=0x0000000000000000 0x0000000000000000
XMM[2]=0xc51a1438c51a1468 0xc51a1498c51a14c8
XMM[3]=0xc51a13a8c311b418 0xc51a03d8c51a1408
XMM[4]=0xc51a1300c51a1340 0xc51a1370c3b5d5a8
XMM[5]=0x88f2d9f277c954a4 0x0000000000000000
XMM[6]=0x0000000000000000 0x0000000000000000
XMM[7]=0x0000000000000000 0x0000000000000000
XMM[8]=0x0000000000000000 0x0000000000000000
XMM[9]=0x0000000000000000 0x0000000000000000
XMM[10]=0x0000000000000000 0x0000000000000000
XMM[11]=0x0000000000000000 0x0000000000000000
XMM[12]=0x0000000000000000 0x0000000000000000
XMM[13]=0x0000000000000000 0x0000000000000000
XMM[14]=0x0000000000000000 0x0000000000000000
XMM[15]=0x0000000000000000 0x0000000000000000
  MXCSR=0x00001fa0


Register to memory mapping:

RAX=0x0 is null
RBX=0x0000000000000001 is an unknown value
RCX=0x00000090403ff6a0 points into unknown readable memory: 0x0000000000000000 | 00 00 00 00 00 00 00 00
RDX=0x00000090403ff6b0 points into unknown readable memory: 0x000001baa005f900 | 00 f9 05 a0 ba 01 00 00
RSP=0x00000090403ff630 points into unknown readable memory: 0x00000000c4cd2c4c | 4c 2c cd c4 00 00 00 00
RBP=0x0 is null
RSI=0x000001ba84cac480 points into unknown readable memory: 0x0000000000000000 | 00 00 00 00 00 00 00 00
RDI=0x0 is null
R8 =0x0 is null
R9 =0x00000000baa00000 is an unknown value
R10=0x00000000c51a03d8 is pointing into object: java.util.TreeMap 
{0x00000000c51a03b0} - klass: 'java/util/TreeMap'
 - ---- fields (total size 6 words):
 - transient 'keySet' 'Ljava/util/Set;' @12  null (0x00000000)
 - transient 'values' 'Ljava/util/Collection;' @16  null (0x00000000)
 - private transient 'size' 'I' @20  2 (0x00000002)
 - private transient 'modCount' 'I' @24  2 (0x00000002)
 - private final 'comparator' 'Ljava/util/Comparator;' @28  null (0x00000000)
 - private transient 'root' 'Ljava/util/TreeMap$Entry;' @32  a 'java/util/TreeMap$Entry'{0x00000000c51a03e0} (0xc51a03e0)
 - private transient 'entrySet' 'Ljava/util/TreeMap$EntrySet;' @36  null (0x00000000)
 - private transient 'navigableKeySet' 'Ljava/util/TreeMap$KeySet;' @40  null (0x00000000)
 - private transient 'descendingMap' 'Ljava/util/NavigableMap;' @44  null (0x00000000)
R11=0x00007ff84f261809 VCRUNTIME140.dll
R12=0x0000000000000014 is an unknown value
R13=0x00000000c51a03d8 is pointing into object: java.util.TreeMap 
{0x00000000c51a03b0} - klass: 'java/util/TreeMap'
 - ---- fields (total size 6 words):
 - transient 'keySet' 'Ljava/util/Set;' @12  null (0x00000000)
 - transient 'values' 'Ljava/util/Collection;' @16  null (0x00000000)
 - private transient 'size' 'I' @20  2 (0x00000002)
 - private transient 'modCount' 'I' @24  2 (0x00000002)
 - private final 'comparator' 'Ljava/util/Comparator;' @28  null (0x00000000)
 - private transient 'root' 'Ljava/util/TreeMap$Entry;' @32  a 'java/util/TreeMap$Entry'{0x00000000c51a03e0} (0xc51a03e0)
 - private transient 'entrySet' 'Ljava/util/TreeMap$EntrySet;' @36  null (0x00000000)
 - private transient 'navigableKeySet' 'Ljava/util/TreeMap$KeySet;' @40  null (0x00000000)
 - private transient 'descendingMap' 'Ljava/util/NavigableMap;' @44  null (0x00000000)
R14=0x000001baea0447d0 points into unknown readable memory: 0x00007fffc7059390 | 90 93 05 c7 ff 7f 00 00
R15=0x000001baa0000011 is pointing into metadata

Top of Stack: (sp=0x00000090403ff630)
0x00000090403ff630:   00000000c4cd2c4c 000001baea044958
0x00000090403ff640:   000001baa000e9c8 0000000000000006
0x00000090403ff650:   000001baa000e740 000001baea0447d0
0x00000090403ff660:   00000000c4cd2c38 00007fffc697ddef
0x00000090403ff670:   0000000000000011 0000000000000011
0x00000090403ff680:   0000000000000002 00000090403ff6e8
0x00000090403ff690:   00000000c560031c 00007fffc697c8ff
0x00000090403ff6a0:   0000000000000000 000001ba84d14180
0x00000090403ff6b0:   000001baa005f900 00000000c5100060
0x00000090403ff6c0:   000001baa005f680 0000000000000000
0x00000090403ff6d0:   0000000000000040 000001bae52f3850
0x00000090403ff6e0:   0000000000000001 00000000c4cd27c4
0x00000090403ff6f0:   000001ba84cac480 0000000000000cdb
0x00000090403ff700:   000001baea0447d0 00007fffc697efba
0x00000090403ff710:   00000000c4c30000 00000000c4c30100
0x00000090403ff720:   0000000000000000 0000000000000018
0x00000090403ff730:   00000000c4c39c00 0000000000000020
0x00000090403ff740:   00000090403ff930 00000000c4c39e18
0x00000090403ff750:   00000090403ff930 00007fffc697b6ee
0x00000090403ff760:   00000090403ff7e0 000001baea0447d0
0x00000090403ff770:   00000000c4c26e00 0000000000000040
0x00000090403ff780:   000000003cce273e 00000019fc91bdff
0x00000090403ff790:   0000000000000001 00000090403ff930
0x00000090403ff7a0:   000001ba84cf15b0 00007fffc69886eb
0x00000090403ff7b0:   0000000000000020 000001ba84cf15b0
0x00000090403ff7c0:   00000090403ff930 00007fffc6cee13f
0x00000090403ff7d0:   00000000c4c39c00 0000000000000040
0x00000090403ff7e0:   00007fffc705a660 0000000000000000
0x00000090403ff7f0:   000001ba84ca5be0 000001baea0447d0
0x00000090403ff800:   00000090403ff980 00007fffc6cee13f
0x00000090403ff810:   000001ba9fb6e280 000001ba9c5901e0
0x00000090403ff820:   000001ba84ca4a50 00007fffc698a3a9 

Instructions: (pc=0x00007fffc6c7c047)
0x00007fffc6c7bf47:   c4 30 5f c3 cc cc cc cc cc 40 53 48 83 ec 30 48
0x00007fffc6c7bf57:   8b 05 53 68 64 00 33 db 48 85 c0 74 31 48 39 1d
0x00007fffc6c7bf67:   dd 32 5f 00 75 04 8b cb eb 0e 48 8b 0d c0 32 5f
0x00007fffc6c7bf77:   00 48 03 0d b1 32 5f 00 48 8b 15 f2 d3 65 00 48
0x00007fffc6c7bf87:   03 d1 48 8d 0d e0 59 42 00 e8 bb ce c2 ff 48 39
0x00007fffc6c7bf97:   1d dc d3 65 00 76 27 48 8b d3 48 8b 05 e0 d3 65
0x00007fffc6c7bfa7:   00 48 8d 52 10 48 ff c3 48 8b 4c 02 f8 48 8b 44
0x00007fffc6c7bfb7:   02 f0 48 89 08 48 3b 1d b5 d3 65 00 72 dc 48 8b
0x00007fffc6c7bfc7:   15 7c 32 5f 00 48 85 d2 74 4a 48 8b 0d 58 32 5f
0x00007fffc6c7bfd7:   00 48 ff c9 48 8b c1 48 89 0d 4b 32 5f 00 48 03
0x00007fffc6c7bfe7:   c0 0f 10 04 c2 0f 11 44 24 20 48 85 c9 75 0c 48
0x00007fffc6c7bff7:   8d 0d 13 32 5f 00 e8 fe 0f cf ff 48 8b 44 24 20
0x00007fffc6c7c007:   48 8b 4c 24 28 48 89 08 48 8b 15 32 32 5f 00 48
0x00007fffc6c7c017:   85 d2 75 b6 48 83 c4 30 5b c3 cc cc cc cc cc cc
0x00007fffc6c7c027:   cc cc cc cc cc cc cc cc cc 48 83 ec 38 48 8b 01
0x00007fffc6c7c037:   4c 8b c0 41 83 e0 03 49 83 f8 02 75 11 49 33 c0
0x00007fffc6c7c047:   48 8b 00 48 89 02 48 8b c2 48 83 c4 38 c3 4d 85
0x00007fffc6c7c057:   c0 74 ed e8 f1 06 9b ff 4c 8d 0d 72 59 42 00 48
0x00007fffc6c7c067:   89 44 24 20 41 b8 2b 00 00 00 48 8d 15 78 59 42
0x00007fffc6c7c077:   00 b9 00 00 00 e0 e8 7e 7e c2 ff cc cc cc cc cc
0x00007fffc6c7c087:   cc cc cc cc cc cc cc cc cc 48 89 5c 24 08 48 89
0x00007fffc6c7c097:   74 24 10 57 48 83 ec 20 41 0f b6 f0 48 8b f9 4c
0x00007fffc6c7c0a7:   8b 01 48 8b da 49 8b c0 48 8b ca 83 e0 03 48 83
0x00007fffc6c7c0b7:   f8 03 75 1b 48 8d 15 56 59 42 00 48 8b 5c 24 30
0x00007fffc6c7c0c7:   48 8b 74 24 38 48 83 c4 20 5f e9 9a b5 07 00 48
0x00007fffc6c7c0d7:   83 f8 02 75 53 48 8d 15 4d 59 42 00 e8 88 b5 07
0x00007fffc6c7c0e7:   00 40 84 f6 0f 84 d3 00 00 00 48 8b 0f 48 83 f1
0x00007fffc6c7c0f7:   02 75 1e 48 8d 15 47 59 42 00 48 8b cb 48 8b 5c
0x00007fffc6c7c107:   24 30 48 8b 74 24 38 48 83 c4 20 5f e9 58 b5 07
0x00007fffc6c7c117:   00 48 8b d3 48 8b 5c 24 30 48 8b 74 24 38 48 83
0x00007fffc6c7c127:   c4 20 5f e9 41 e4 05 00 48 83 f8 01 74 1b 48 8d
0x00007fffc6c7c137:   15 34 59 42 00 48 8b 5c 24 30 48 8b 74 24 38 48 


Stack slot to memory mapping:

stack at sp + 0 slots: 0x00000000c4cd2c4c is pointing into object: java.lang.String 
{0x00000000c4cd2c38} - klass: 'java/lang/String'
 - string: "If-Match"
 - ---- fields (total size 3 words):
 - private 'hash' 'I' @12  0 (0x00000000)
 - private final 'coder' 'B' @16  0 (0x00)
 - private 'hashIsZero' 'Z' @17  false (0x00)
 - injected 'flags' 'B' @18  0 (0x00)
 - private final 'value' '[B' @20  [B{0x00000000c4cd2c50} (0xc4cd2c50)
stack at sp + 1 slots: 0x000001baea044958 points into unknown readable memory: 0x00007fffc7059348 | 48 93 05 c7 ff 7f 00 00
stack at sp + 2 slots: 0x000001baa000e9c8 is pointing into metadata
stack at sp + 3 slots: 0x0000000000000006 is an unknown value
stack at sp + 4 slots: 0x000001baa000e740 is a pointer to class: 
java.lang.String {0x000001baa000e748}
 - instance size:     3
 - klass size:        82
 - access:            public final synchronized 
 - flags:             rewritten has_nonstatic_fields has_nonstatic_concrete_methods is_shared_boot_class has_localvariable_table has_resolved_methods 
 - state:             fully_initialized
 - name:              'java/lang/String'
 - super:             'java/lang/Object'
 - sub:               
 - arrays:            'java/lang/String'[]
 - methods:           Array<T>(0x000001baa0625858)
 - method ordering:   Array<T>(0x000001baa0625da0)
 - local interfaces:  Array<T>(0x000001baa0622a68)
 - trans. interfaces: Array<T>(0x000001baa0622a68)
 - constants:         constant pool [1443]/operands[28] {0x000001baa0622ac0} for 'java/lang/String' cache=0x000001baa0452170
 - class loader data:  loader data: 0x000001ba84d17790 of 'bootstrap'
 - source file:       'String.java'
 - field annotations:       Array<T>(0x000001baa0bec0a0)
 - generic signature: 'Ljava/lang/Object;Ljava/io/Serializable;Ljava/lang/Comparable<Ljava/lang/String;>;Ljava/lang/CharSequence;Ljava/lang/constant/Constable;Ljava/lang/constant/ConstantDesc;'
 - inner classes:     Array<T>(0x000001baa0625818)
 - nest members:     Array<T>(0x000001baa06260a8)
 - permitted subclasses:     Array<T>(0x000001baa0611d70)
 - java mirror:       a 'java/lang/Class'{0x00000000c31d2e40} = 'java/lang/String'
 - vtable length      5  (start addr: 0x000001baa000e900)
 - itable length      20 (start addr: 0x000001baa000e928)
 - ---- static fields (3 words):
 - private static final 'serialVersionUID' 'J' @120 
 - static final 'COMPACT_STRINGS' 'Z' @130 
 - private static final 'serialPersistentFields' '[Ljava/io/ObjectStreamField;' @112 
 - private static final 'REPL' 'C' @128 
 - public static final 'CASE_INSENSITIVE_ORDER' 'Ljava/util/Comparator;' @116 
 - static final 'LATIN1' 'B' @131 
 - static final 'UTF16' 'B' @132 
 - ---- non-static fields (3 words):
 - private 'hash' 'I' @12 
 - private final 'coder' 'B' @16 
 - private 'hashIsZero' 'Z' @17 
 - injected 'flags' 'B' @18 
 - private final 'value' '[B' @20 
 - non-static oop maps: 20-20 
stack at sp + 5 slots: 0x000001baea0447d0 points into unknown readable memory: 0x00007fffc7059390 | 90 93 05 c7 ff 7f 00 00
stack at sp + 6 slots: 0x00000000c4cd2c38 is an oop: java.lang.String 
{0x00000000c4cd2c38} - klass: 'java/lang/String'
 - string: "If-Match"
 - ---- fields (total size 3 words):
 - private 'hash' 'I' @12  0 (0x00000000)
 - private final 'coder' 'B' @16  0 (0x00)
 - private 'hashIsZero' 'Z' @17  false (0x00)
 - injected 'flags' 'B' @18  0 (0x00)
 - private final 'value' '[B' @20  [B{0x00000000c4cd2c50} (0xc4cd2c50)
stack at sp + 7 slots: 0x00007fffc697ddef jvm.dll


---------------  P R O C E S S  ---------------

Threads class SMR info:
_java_thread_list=0x000001bae662a580, length=31, elements={
0x000001ba9fb2dec0, 0x000001ba9fb31740, 0x000001ba9fb32eb0, 0x000001ba9fb35910,
0x000001ba9fb36360, 0x000001ba9fb36db0, 0x000001ba9fb38b40, 0x000001ba9fb6b780,
0x000001ba84d47360, 0x000001ba9fe77100, 0x000001ba9fe77760, 0x000001bae649d2b0,
0x000001bae649bf00, 0x000001bae649dfd0, 0x000001bae649ecf0, 0x000001bae738e420,
0x000001bae7390b80, 0x000001bae7391210, 0x000001bae738fe60, 0x000001bae738f7d0,
0x000001bae73904f0, 0x000001bae8e848c0, 0x000001bae8e83510, 0x000001bae8e86300,
0x000001bae8e84f50, 0x000001bae8e83ba0, 0x000001bae8e82e80, 0x000001bae8e84230,
0x000001bae8e85c70, 0x000001bae8e855e0, 0x000001bae9065f00
}

Java Threads: ( => current thread )
  0x000001ba9fb2dec0 JavaThread "Reference Handler"          daemon [_thread_blocked, id=6264, stack(0x000000903f800000,0x000000903f900000) (1024K)]
  0x000001ba9fb31740 JavaThread "Finalizer"                  daemon [_thread_blocked, id=6548, stack(0x000000903f900000,0x000000903fa00000) (1024K)]
  0x000001ba9fb32eb0 JavaThread "Signal Dispatcher"          daemon [_thread_blocked, id=13596, stack(0x000000903fa00000,0x000000903fb00000) (1024K)]
  0x000001ba9fb35910 JavaThread "Attach Listener"            daemon [_thread_blocked, id=14968, stack(0x000000903fb00000,0x000000903fc00000) (1024K)]
  0x000001ba9fb36360 JavaThread "Service Thread"             daemon [_thread_blocked, id=14444, stack(0x000000903fc00000,0x000000903fd00000) (1024K)]
  0x000001ba9fb36db0 JavaThread "Monitor Deflation Thread"   daemon [_thread_blocked, id=15620, stack(0x000000903fd00000,0x000000903fe00000) (1024K)]
  0x000001ba9fb38b40 JavaThread "C2 CompilerThread0"         daemon [_thread_blocked, id=8756, stack(0x000000903fe00000,0x000000903ff00000) (1024K)]
  0x000001ba9fb6b780 JavaThread "C1 CompilerThread0"         daemon [_thread_blocked, id=9288, stack(0x000000903ff00000,0x0000009040000000) (1024K)]
  0x000001ba84d47360 JavaThread "Common-Cleaner"             daemon [_thread_blocked, id=4888, stack(0x0000009040000000,0x0000009040100000) (1024K)]
  0x000001ba9fe77100 JavaThread "Monitor Ctrl-Break"         daemon [_thread_in_native, id=6344, stack(0x0000009040100000,0x0000009040200000) (1024K)]
  0x000001ba9fe77760 JavaThread "Notification Thread"        daemon [_thread_blocked, id=8024, stack(0x0000009040200000,0x0000009040300000) (1024K)]
  0x000001bae649d2b0 JavaThread "Catalina-utility-1"                [_thread_blocked, id=17888, stack(0x0000009040800000,0x0000009040900000) (1024K)]
  0x000001bae649bf00 JavaThread "Catalina-utility-2"                [_thread_blocked, id=16604, stack(0x0000009040900000,0x0000009040a00000) (1024K)]
  0x000001bae649dfd0 JavaThread "container-0"                       [_thread_blocked, id=4524, stack(0x0000009040a00000,0x0000009040b00000) (1024K)]
  0x000001bae649ecf0 JavaThread "mysql-cj-abandoned-connection-cleanup" daemon [_thread_blocked, id=10456, stack(0x0000009040b00000,0x0000009040c00000) (1024K)]
  0x000001bae738e420 JavaThread "HikariPool-1:housekeeper"   daemon [_thread_blocked, id=15880, stack(0x0000009040d00000,0x0000009040e00000) (1024K)]
  0x000001bae7390b80 JavaThread "File Watcher"               daemon [_thread_blocked, id=9320, stack(0x000000903ed00000,0x000000903ee00000) (1024K)]
  0x000001bae7391210 JavaThread "Live Reload Server"         daemon [_thread_in_native, id=17960, stack(0x0000009041000000,0x0000009041100000) (1024K)]
  0x000001bae738fe60 JavaThread "http-nio-8080-exec-1"       daemon [_thread_blocked, id=7404, stack(0x0000009040f00000,0x0000009041000000) (1024K)]
  0x000001bae738f7d0 JavaThread "http-nio-8080-exec-2"       daemon [_thread_blocked, id=10428, stack(0x0000009041100000,0x0000009041200000) (1024K)]
  0x000001bae73904f0 JavaThread "http-nio-8080-exec-3"       daemon [_thread_blocked, id=16356, stack(0x0000009041200000,0x0000009041300000) (1024K)]
  0x000001bae8e848c0 JavaThread "http-nio-8080-exec-4"       daemon [_thread_blocked, id=15172, stack(0x0000009041300000,0x0000009041400000) (1024K)]
  0x000001bae8e83510 JavaThread "http-nio-8080-exec-5"       daemon [_thread_blocked, id=1540, stack(0x0000009041400000,0x0000009041500000) (1024K)]
  0x000001bae8e86300 JavaThread "http-nio-8080-exec-6"       daemon [_thread_blocked, id=16912, stack(0x0000009041500000,0x0000009041600000) (1024K)]
  0x000001bae8e84f50 JavaThread "http-nio-8080-exec-7"       daemon [_thread_blocked, id=12588, stack(0x0000009041600000,0x0000009041700000) (1024K)]
  0x000001bae8e83ba0 JavaThread "http-nio-8080-exec-8"       daemon [_thread_blocked, id=10560, stack(0x0000009041700000,0x0000009041800000) (1024K)]
  0x000001bae8e82e80 JavaThread "http-nio-8080-exec-9"       daemon [_thread_blocked, id=9984, stack(0x0000009041800000,0x0000009041900000) (1024K)]
  0x000001bae8e84230 JavaThread "http-nio-8080-exec-10"      daemon [_thread_blocked, id=16616, stack(0x0000009041900000,0x0000009041a00000) (1024K)]
  0x000001bae8e85c70 JavaThread "http-nio-8080-Poller"       daemon [_thread_blocked, id=9936, stack(0x0000009041a00000,0x0000009041b00000) (1024K)]
  0x000001bae8e855e0 JavaThread "http-nio-8080-Acceptor"     daemon [_thread_blocked, id=17936, stack(0x0000009041b00000,0x0000009041c00000) (1024K)]
  0x000001bae9065f00 JavaThread "DestroyJavaVM"                     [_thread_blocked, id=3836, stack(0x000000903f000000,0x000000903f100000) (1024K)]
Total: 31

Other Threads:
  0x000001ba9fb15920 VMThread "VM Thread"                           [id=15956, stack(0x000000903f700000,0x000000903f800000) (1024K)]
  0x000001ba9fb0bc00 WatcherThread "VM Periodic Task Thread"        [id=5172, stack(0x000000903f600000,0x000000903f700000) (1024K)]
  0x000001ba84ccab50 WorkerThread "GC Thread#0"                     [id=12532, stack(0x000000903f100000,0x000000903f200000) (1024K)]
=>0x000001bae532cc50 WorkerThread "GC Thread#1"                     [id=1840, stack(0x0000009040300000,0x0000009040400000) (1024K)]
  0x000001bae5382d80 WorkerThread "GC Thread#2"                     [id=1200, stack(0x0000009040400000,0x0000009040500000) (1024K)]
  0x000001bae539bab0 WorkerThread "GC Thread#3"                     [id=18336, stack(0x0000009040500000,0x0000009040600000) (1024K)]
  0x000001ba84cd35b0 ConcurrentGCThread "G1 Main Marker"            [id=15204, stack(0x000000903f200000,0x000000903f300000) (1024K)]
  0x000001ba84cd40b0 WorkerThread "G1 Conc#0"                       [id=6076, stack(0x000000903f300000,0x000000903f400000) (1024K)]
  0x000001ba84d2c5a0 ConcurrentGCThread "G1 Refine#0"               [id=17488, stack(0x000000903f400000,0x000000903f500000) (1024K)]
  0x000001ba84d2d110 ConcurrentGCThread "G1 Service"                [id=15212, stack(0x000000903f500000,0x000000903f600000) (1024K)]
Total: 10

Threads with active compile tasks:
Total: 0

VM state: at safepoint (normal execution)

VM Mutex/Monitor currently owned by a thread:  ([mutex/lock_event])
[0x00007fffc72ea3a8] Threads_lock - owner thread: 0x000001ba9fb15920
[0x00007fffc72ea4a8] Heap_lock - owner thread: 0x000001bae8e855e0

Heap address: 0x00000000c2c00000, size: 980 MB, Compressed Oops mode: 32-bit

CDS archive(s) mapped at: [0x000001baa0000000-0x000001baa0c80000-0x000001baa0c80000), size 13107200, SharedBaseAddress: 0x000001baa0000000, ArchiveRelocationMode: 1.
Compressed class space mapped at: 0x000001baa1000000-0x000001bae1000000, reserved size: 1073741824
Narrow klass base: 0x000001baa0000000, Narrow klass shift: 0, Narrow klass range: 0x100000000

GC Precious Log:
 CardTable entry size: 512
 Card Set container configuration: InlinePtr #cards 5 size 8 Array Of Cards #cards 12 size 40 Howl #buckets 4 coarsen threshold 1843 Howl Bitmap #cards 512 size 80 coarsen threshold 460 Card regions per heap region 1 cards per card region 2048
 CPUs: 4 total, 4 available
 Memory: 3916M
 Large Page Support: Disabled
 NUMA Support: Disabled
 Compressed Oops: Enabled (32-bit)
 Heap Region Size: 1M
 Heap Min Capacity: 8M
 Heap Initial Capacity: 62M
 Heap Max Capacity: 980M
 Pre-touch: Disabled
 Parallel Workers: 4
 Concurrent Workers: 1
 Concurrent Refinement Workers: 4
 Periodic GC: Disabled

Heap:
 garbage-first heap   total 56320K, used 48897K [0x00000000c2c00000, 0x0000000100000000)
  region size 1024K, 13 young (13312K), 1 survivors (1024K)
 Metaspace       used 72296K, committed 73088K, reserved 1114112K
  class space    used 9519K, committed 9856K, reserved 1048576K

Heap Regions: E=young(eden), S=young(survivor), O=old, HS=humongous(starts), HC=humongous(continues), CS=collection set, F=free, TAMS=top-at-mark-start, PB=parsable bottom
|   0|0x00000000c2c00000, 0x00000000c2d00000, 0x00000000c2d00000|100%|HS|  |TAMS 0x00000000c2d00000| PB 0x00000000c2c00000| Complete 
|   1|0x00000000c2d00000, 0x00000000c2e00000, 0x00000000c2e00000|100%|HS|  |TAMS 0x00000000c2e00000| PB 0x00000000c2d00000| Complete 
|   2|0x00000000c2e00000, 0x00000000c2f00000, 0x00000000c2f00000|100%| O|  |TAMS 0x00000000c2e00000| PB 0x00000000c2e00000| Untracked 
|   3|0x00000000c2f00000, 0x00000000c3000000, 0x00000000c3000000|100%| O|  |TAMS 0x00000000c3000000| PB 0x00000000c2f00000| Untracked 
|   4|0x00000000c3000000, 0x00000000c3100000, 0x00000000c3100000|100%| O|  |TAMS 0x00000000c3100000| PB 0x00000000c3000000| Untracked 
|   5|0x00000000c3100000, 0x00000000c3200000, 0x00000000c3200000|100%| O|  |TAMS 0x00000000c3200000| PB 0x00000000c3100000| Untracked 
|   6|0x00000000c3200000, 0x00000000c3300000, 0x00000000c3300000|100%| O|  |TAMS 0x00000000c3300000| PB 0x00000000c3200000| Untracked 
|   7|0x00000000c3300000, 0x00000000c3400000, 0x00000000c3400000|100%| O|  |TAMS 0x00000000c3400000| PB 0x00000000c3300000| Untracked 
|   8|0x00000000c3400000, 0x00000000c3500000, 0x00000000c3500000|100%| O|  |TAMS 0x00000000c3500000| PB 0x00000000c3400000| Untracked 
|   9|0x00000000c3500000, 0x00000000c3600000, 0x00000000c3600000|100%| O|  |TAMS 0x00000000c3600000| PB 0x00000000c3500000| Untracked 
|  10|0x00000000c3600000, 0x00000000c3700000, 0x00000000c3700000|100%| O|  |TAMS 0x00000000c3700000| PB 0x00000000c3600000| Untracked 
|  11|0x00000000c3700000, 0x00000000c3800000, 0x00000000c3800000|100%| O|  |TAMS 0x00000000c3800000| PB 0x00000000c3700000| Untracked 
|  12|0x00000000c3800000, 0x00000000c3900000, 0x00000000c3900000|100%| O|  |TAMS 0x00000000c3900000| PB 0x00000000c3800000| Untracked 
|  13|0x00000000c3900000, 0x00000000c3a00000, 0x00000000c3a00000|100%| O|  |TAMS 0x00000000c3a00000| PB 0x00000000c3900000| Untracked 
|  14|0x00000000c3a00000, 0x00000000c3b00000, 0x00000000c3b00000|100%| O|  |TAMS 0x00000000c3b00000| PB 0x00000000c3a00000| Untracked 
|  15|0x00000000c3b00000, 0x00000000c3c00000, 0x00000000c3c00000|100%| O|  |TAMS 0x00000000c3c00000| PB 0x00000000c3b00000| Untracked 
|  16|0x00000000c3c00000, 0x00000000c3d00000, 0x00000000c3d00000|100%| O|  |TAMS 0x00000000c3d00000| PB 0x00000000c3c00000| Untracked 
|  17|0x00000000c3d00000, 0x00000000c3e00000, 0x00000000c3e00000|100%| O|  |TAMS 0x00000000c3e00000| PB 0x00000000c3d00000| Untracked 
|  18|0x00000000c3e00000, 0x00000000c3f00000, 0x00000000c3f00000|100%| O|  |TAMS 0x00000000c3f00000| PB 0x00000000c3e00000| Untracked 
|  19|0x00000000c3f00000, 0x00000000c4000000, 0x00000000c4000000|100%| O|  |TAMS 0x00000000c4000000| PB 0x00000000c3f00000| Untracked 
|  20|0x00000000c4000000, 0x00000000c4100000, 0x00000000c4100000|100%| O|  |TAMS 0x00000000c4100000| PB 0x00000000c4000000| Untracked 
|  21|0x00000000c4100000, 0x00000000c4200000, 0x00000000c4200000|100%| O|  |TAMS 0x00000000c4200000| PB 0x00000000c4100000| Untracked 
|  22|0x00000000c4200000, 0x00000000c4300000, 0x00000000c4300000|100%| O|  |TAMS 0x00000000c4300000| PB 0x00000000c4200000| Untracked 
|  23|0x00000000c4300000, 0x00000000c4400000, 0x00000000c4400000|100%| O|  |TAMS 0x00000000c4400000| PB 0x00000000c4300000| Untracked 
|  24|0x00000000c4400000, 0x00000000c4500000, 0x00000000c4500000|100%| O|  |TAMS 0x00000000c4500000| PB 0x00000000c4400000| Untracked 
|  25|0x00000000c4500000, 0x00000000c4600000, 0x00000000c4600000|100%| O|  |TAMS 0x00000000c4600000| PB 0x00000000c4500000| Untracked 
|  26|0x00000000c4600000, 0x00000000c4700000, 0x00000000c4700000|100%| O|  |TAMS 0x00000000c4700000| PB 0x00000000c4600000| Untracked 
|  27|0x00000000c4700000, 0x00000000c4800000, 0x00000000c4800000|100%| O|  |TAMS 0x00000000c4800000| PB 0x00000000c4700000| Untracked 
|  28|0x00000000c4800000, 0x00000000c4900000, 0x00000000c4900000|100%| O|  |TAMS 0x00000000c4900000| PB 0x00000000c4800000| Untracked 
|  29|0x00000000c4900000, 0x00000000c4a00000, 0x00000000c4a00000|100%| O|  |TAMS 0x00000000c4a00000| PB 0x00000000c4900000| Untracked 
|  30|0x00000000c4a00000, 0x00000000c4b00000, 0x00000000c4b00000|100%| O|  |TAMS 0x00000000c4b00000| PB 0x00000000c4a00000| Untracked 
|  31|0x00000000c4b00000, 0x00000000c4c00000, 0x00000000c4c00000|100%| O|  |TAMS 0x00000000c4c00000| PB 0x00000000c4b00000| Untracked 
|  32|0x00000000c4c00000, 0x00000000c4d00000, 0x00000000c4d00000|100%| O|  |TAMS 0x00000000c4cc0558| PB 0x00000000c4c00000| Untracked 
|  33|0x00000000c4d00000, 0x00000000c4e00000, 0x00000000c4e00000|100%| O|  |TAMS 0x00000000c4e00000| PB 0x00000000c4d00000| Untracked 
|  34|0x00000000c4e00000, 0x00000000c4f00000, 0x00000000c4f00000|100%| O|  |TAMS 0x00000000c4e00000| PB 0x00000000c4e00000| Untracked 
|  35|0x00000000c4f00000, 0x00000000c5000000, 0x00000000c5000000|100%| E|CS|TAMS 0x00000000c4f00000| PB 0x00000000c4f00000| Complete 
|  36|0x00000000c5000000, 0x00000000c5100000, 0x00000000c5100000|100%| E|CS|TAMS 0x00000000c5000000| PB 0x00000000c5000000| Complete 
|  37|0x00000000c5100000, 0x00000000c5200000, 0x00000000c5200000|100%| E|CS|TAMS 0x00000000c5100000| PB 0x00000000c5100000| Complete 
|  38|0x00000000c5200000, 0x00000000c52dfde8, 0x00000000c5300000| 87%| O|  |TAMS 0x00000000c5200000| PB 0x00000000c5200000| Untracked 
|  39|0x00000000c5300000, 0x00000000c5300000, 0x00000000c5400000|  0%| F|  |TAMS 0x00000000c5300000| PB 0x00000000c5300000| Untracked 
|  40|0x00000000c5400000, 0x00000000c5400000, 0x00000000c5500000|  0%| F|  |TAMS 0x00000000c5400000| PB 0x00000000c5400000| Untracked 
|  41|0x00000000c5500000, 0x00000000c5500000, 0x00000000c5600000|  0%| F|  |TAMS 0x00000000c5500000| PB 0x00000000c5500000| Untracked 
|  42|0x00000000c5600000, 0x00000000c56ca5f0, 0x00000000c5700000| 79%| S|  |TAMS 0x00000000c5600000| PB 0x00000000c5600000| Complete 
|  43|0x00000000c5700000, 0x00000000c5800000, 0x00000000c5800000|100%| E|CS|TAMS 0x00000000c5700000| PB 0x00000000c5700000| Complete 
|  44|0x00000000c5800000, 0x00000000c5900000, 0x00000000c5900000|100%| E|CS|TAMS 0x00000000c5800000| PB 0x00000000c5800000| Complete 
|  45|0x00000000c5900000, 0x00000000c5a00000, 0x00000000c5a00000|100%| E|CS|TAMS 0x00000000c5900000| PB 0x00000000c5900000| Complete 
|  46|0x00000000c5a00000, 0x00000000c5b00000, 0x00000000c5b00000|100%| E|CS|TAMS 0x00000000c5a00000| PB 0x00000000c5a00000| Complete 
|  47|0x00000000c5b00000, 0x00000000c5c00000, 0x00000000c5c00000|100%| E|CS|TAMS 0x00000000c5b00000| PB 0x00000000c5b00000| Complete 
|  48|0x00000000c5c00000, 0x00000000c5d00000, 0x00000000c5d00000|100%| E|CS|TAMS 0x00000000c5c00000| PB 0x00000000c5c00000| Complete 
|  49|0x00000000c5d00000, 0x00000000c5e00000, 0x00000000c5e00000|100%| E|CS|TAMS 0x00000000c5d00000| PB 0x00000000c5d00000| Complete 
|  50|0x00000000c5e00000, 0x00000000c5f00000, 0x00000000c5f00000|100%| E|CS|TAMS 0x00000000c5e00000| PB 0x00000000c5e00000| Complete 
|  51|0x00000000c5f00000, 0x00000000c6000000, 0x00000000c6000000|100%| E|CS|TAMS 0x00000000c5f00000| PB 0x00000000c5f00000| Complete 
|  52|0x00000000c6000000, 0x00000000c6100000, 0x00000000c6100000|100%| E|CS|TAMS 0x00000000c6000000| PB 0x00000000c6000000| Complete 
|  60|0x00000000c6800000, 0x00000000c6900000, 0x00000000c6900000|100%| E|CS|TAMS 0x00000000c6800000| PB 0x00000000c6800000| Complete 
|  61|0x00000000c6900000, 0x00000000c6a00000, 0x00000000c6a00000|100%| E|CS|TAMS 0x00000000c6900000| PB 0x00000000c6900000| Complete 

Card table byte_map: [0x000001ba9c580000,0x000001ba9c770000] _byte_map_base: 0x000001ba9bf6a000

Marking Bits: (CMBitMap*) 0x000001ba84ccb250
 Bits: [0x000001ba9c770000, 0x000001ba9d6c0000)

Polling page: 0x000001ba84450000

Metaspace:

Usage:
  Non-class:     61.31 MB used.
      Class:      9.30 MB used.
       Both:     70.60 MB used.

Virtual space:
  Non-class space:       64.00 MB reserved,      61.75 MB ( 96%) committed,  1 nodes.
      Class space:        1.00 GB reserved,       9.62 MB ( <1%) committed,  1 nodes.
             Both:        1.06 GB reserved,      71.38 MB (  7%) committed. 

Chunk freelists:
   Non-Class:  2.05 MB
       Class:  6.22 MB
        Both:  8.27 MB

MaxMetaspaceSize: unlimited
CompressedClassSpaceSize: 1.00 GB
Initial GC threshold: 21.00 MB
Current GC threshold: 111.88 MB
CDS: on
 - commit_granule_bytes: 65536.
 - commit_granule_words: 8192.
 - virtual_space_node_default_size: 8388608.
 - enlarge_chunks_in_place: 1.
 - use_allocation_guard: 0.


Internal statistics:

num_allocs_failed_limit: 6.
num_arena_births: 1084.
num_arena_deaths: 0.
num_vsnodes_births: 2.
num_vsnodes_deaths: 0.
num_space_committed: 1142.
num_space_uncommitted: 0.
num_chunks_returned_to_freelist: 6.
num_chunks_taken_from_freelist: 3649.
num_chunk_merges: 6.
num_chunk_splits: 2600.
num_chunks_enlarged: 1984.
num_inconsistent_stats: 0.

CodeHeap 'non-profiled nmethods': size=120000Kb used=4857Kb max_used=4857Kb free=115143Kb
 bounds [0x000001ba94e60000, 0x000001ba95320000, 0x000001ba9c390000]
CodeHeap 'profiled nmethods': size=120000Kb used=13192Kb max_used=13192Kb free=106807Kb
 bounds [0x000001ba8d390000, 0x000001ba8e080000, 0x000001ba948c0000]
CodeHeap 'non-nmethods': size=5760Kb used=2130Kb max_used=2169Kb free=3629Kb
 bounds [0x000001ba948c0000, 0x000001ba94b30000, 0x000001ba94e60000]
 total_blobs=7729 nmethods=6884 adapters=749
 compilation: enabled
              stopped_count=0, restarted_count=0
 full_count=0

Compilation events (20 events):
Event: 95.243 Thread 0x000001ba9fb38b40 7945   !   4       java.io.WinNTFileSystem::getLastModifiedTime (27 bytes)
Event: 95.251 Thread 0x000001ba9fb38b40 nmethod 7945 0x000001ba9531b390 code [0x000001ba9531b540, 0x000001ba9531b690]
Event: 95.253 Thread 0x000001ba9fb38b40 7946       4       org.springframework.boot.devtools.filewatch.FileSnapshot::<init> (68 bytes)
Event: 95.682 Thread 0x000001ba9fb38b40 nmethod 7946 0x000001ba9531b810 code [0x000001ba9531bae0, 0x000001ba9531c9f8]
Event: 95.682 Thread 0x000001ba9fb38b40 7947       4       java.lang.ref.ReferenceQueue::poll0 (65 bytes)
Event: 95.731 Thread 0x000001ba9fb38b40 nmethod 7947 0x000001ba9531d490 code [0x000001ba9531d620, 0x000001ba9531d940]
Event: 96.018 Thread 0x000001ba9fb6b780 7948       3       java.util.concurrent.ScheduledThreadPoolExecutor$ScheduledFutureTask::compareTo (101 bytes)
Event: 96.038 Thread 0x000001ba9fb6b780 nmethod 7948 0x000001ba8e071e10 code [0x000001ba8e072040, 0x000001ba8e072758]
Event: 98.010 Thread 0x000001ba9fb38b40 7949       4       jdk.internal.misc.Unsafe::weakCompareAndSetInt (11 bytes)
Event: 98.011 Thread 0x000001ba9fb38b40 nmethod 7949 0x000001ba9531da10 code [0x000001ba9531dba0, 0x000001ba9531dc38]
Event: 100.000 Thread 0x000001ba9fb6b780 7950       3       jdk.internal.misc.Unsafe::putIntOpaque (9 bytes)
Event: 100.001 Thread 0x000001ba9fb6b780 nmethod 7950 0x000001ba8e072910 code [0x000001ba8e072aa0, 0x000001ba8e072bb8]
Event: 101.005 Thread 0x000001ba9fb6b780 7951   !   3       java.util.concurrent.locks.AbstractQueuedSynchronizer$ConditionObject::newConditionNode (78 bytes)
Event: 101.023 Thread 0x000001ba9fb6b780 nmethod 7951 0x000001ba8e072c90 code [0x000001ba8e072f00, 0x000001ba8e0736e0]
Event: 101.023 Thread 0x000001ba9fb6b780 7952       3       java.util.concurrent.locks.AbstractQueuedSynchronizer$ConditionNode::<init> (5 bytes)
Event: 101.023 Thread 0x000001ba9fb6b780 nmethod 7952 0x000001ba8e073990 code [0x000001ba8e073b40, 0x000001ba8e073d08]
Event: 101.023 Thread 0x000001ba9fb6b780 7953       3       java.util.concurrent.locks.AbstractQueuedSynchronizer$ConditionObject::enableWait (84 bytes)
Event: 101.025 Thread 0x000001ba9fb6b780 nmethod 7953 0x000001ba8e073e10 code [0x000001ba8e074040, 0x000001ba8e074780]
Event: 101.124 Thread 0x000001ba9fb6b780 7954       1       jdk.internal.event.ThreadSleepEvent::isEnabled (2 bytes)
Event: 101.124 Thread 0x000001ba9fb6b780 nmethod 7954 0x000001ba9531dd10 code [0x000001ba9531dea0, 0x000001ba9531df68]

GC Heap History (20 events):
Event: 23.667 GC heap after
{Heap after GC invocations=14 (full 0):
 garbage-first heap   total 51200K, used 26979K [0x00000000c2c00000, 0x0000000100000000)
  region size 1024K, 3 young (3072K), 3 survivors (3072K)
 Metaspace       used 49372K, committed 49920K, reserved 1114112K
  class space    used 6329K, committed 6592K, reserved 1048576K
}
Event: 24.945 GC heap before
{Heap before GC invocations=14 (full 0):
 garbage-first heap   total 51200K, used 43363K [0x00000000c2c00000, 0x0000000100000000)
  region size 1024K, 20 young (20480K), 3 survivors (3072K)
 Metaspace       used 53159K, committed 53696K, reserved 1114112K
  class space    used 6825K, committed 7040K, reserved 1048576K
}
Event: 24.952 GC heap after
{Heap after GC invocations=15 (full 0):
 garbage-first heap   total 51200K, used 28932K [0x00000000c2c00000, 0x0000000100000000)
  region size 1024K, 2 young (2048K), 2 survivors (2048K)
 Metaspace       used 53159K, committed 53696K, reserved 1114112K
  class space    used 6825K, committed 7040K, reserved 1048576K
}
Event: 26.311 GC heap before
{Heap before GC invocations=16 (full 0):
 garbage-first heap   total 51200K, used 44292K [0x00000000c2c00000, 0x0000000100000000)
  region size 1024K, 18 young (18432K), 2 survivors (2048K)
 Metaspace       used 56308K, committed 56896K, reserved 1114112K
  class space    used 7213K, committed 7488K, reserved 1048576K
}
Event: 26.316 GC heap after
{Heap after GC invocations=17 (full 0):
 garbage-first heap   total 51200K, used 29843K [0x00000000c2c00000, 0x0000000100000000)
  region size 1024K, 1 young (1024K), 1 survivors (1024K)
 Metaspace       used 56308K, committed 56896K, reserved 1114112K
  class space    used 7213K, committed 7488K, reserved 1048576K
}
Event: 27.304 GC heap before
{Heap before GC invocations=17 (full 0):
 garbage-first heap   total 51200K, used 44179K [0x00000000c2c00000, 0x0000000100000000)
  region size 1024K, 16 young (16384K), 1 survivors (1024K)
 Metaspace       used 61800K, committed 62400K, reserved 1114112K
  class space    used 8105K, committed 8384K, reserved 1048576K
}
Event: 27.309 GC heap after
{Heap after GC invocations=18 (full 0):
 garbage-first heap   total 51200K, used 30177K [0x00000000c2c00000, 0x0000000100000000)
  region size 1024K, 2 young (2048K), 2 survivors (2048K)
 Metaspace       used 61800K, committed 62400K, reserved 1114112K
  class space    used 8105K, committed 8384K, reserved 1048576K
}
Event: 27.950 GC heap before
{Heap before GC invocations=18 (full 0):
 garbage-first heap   total 51200K, used 45537K [0x00000000c2c00000, 0x0000000100000000)
  region size 1024K, 17 young (17408K), 2 survivors (2048K)
 Metaspace       used 62648K, committed 63296K, reserved 1114112K
  class space    used 8201K, committed 8512K, reserved 1048576K
}
Event: 27.953 GC heap after
{Heap after GC invocations=19 (full 0):
 garbage-first heap   total 51200K, used 30490K [0x00000000c2c00000, 0x0000000100000000)
  region size 1024K, 2 young (2048K), 2 survivors (2048K)
 Metaspace       used 62648K, committed 63296K, reserved 1114112K
  class space    used 8201K, committed 8512K, reserved 1048576K
}
Event: 29.981 GC heap before
{Heap before GC invocations=20 (full 0):
 garbage-first heap   total 51200K, used 45850K [0x00000000c2c00000, 0x0000000100000000)
  region size 1024K, 17 young (17408K), 2 survivors (2048K)
 Metaspace       used 66121K, committed 66816K, reserved 1114112K
  class space    used 8689K, committed 9024K, reserved 1048576K
}
Event: 29.989 GC heap after
{Heap after GC invocations=21 (full 0):
 garbage-first heap   total 51200K, used 32423K [0x00000000c2c00000, 0x0000000100000000)
  region size 1024K, 3 young (3072K), 3 survivors (3072K)
 Metaspace       used 66121K, committed 66816K, reserved 1114112K
  class space    used 8689K, committed 9024K, reserved 1048576K
}
Event: 31.511 GC heap before
{Heap before GC invocations=21 (full 0):
 garbage-first heap   total 51200K, used 44711K [0x00000000c2c00000, 0x0000000100000000)
  region size 1024K, 15 young (15360K), 3 survivors (3072K)
 Metaspace       used 67652K, committed 68352K, reserved 1114112K
  class space    used 8920K, committed 9280K, reserved 1048576K
}
Event: 31.518 GC heap after
{Heap after GC invocations=22 (full 0):
 garbage-first heap   total 51200K, used 32698K [0x00000000c2c00000, 0x0000000100000000)
  region size 1024K, 2 young (2048K), 2 survivors (2048K)
 Metaspace       used 67652K, committed 68352K, reserved 1114112K
  class space    used 8920K, committed 9280K, reserved 1048576K
}
Event: 32.896 GC heap before
{Heap before GC invocations=22 (full 0):
 garbage-first heap   total 51200K, used 44986K [0x00000000c2c00000, 0x0000000100000000)
  region size 1024K, 14 young (14336K), 2 survivors (2048K)
 Metaspace       used 68091K, committed 68736K, reserved 1114112K
  class space    used 8939K, committed 9280K, reserved 1048576K
}
Event: 32.901 GC heap after
{Heap after GC invocations=23 (full 0):
 garbage-first heap   total 51200K, used 33400K [0x00000000c2c00000, 0x0000000100000000)
  region size 1024K, 1 young (1024K), 1 survivors (1024K)
 Metaspace       used 68091K, committed 68736K, reserved 1114112K
  class space    used 8939K, committed 9280K, reserved 1048576K
}
Event: 33.958 GC heap before
{Heap before GC invocations=24 (full 0):
 garbage-first heap   total 56320K, used 45688K [0x00000000c2c00000, 0x0000000100000000)
  region size 1024K, 13 young (13312K), 1 survivors (1024K)
 Metaspace       used 69295K, committed 69952K, reserved 1114112K
  class space    used 9103K, committed 9408K, reserved 1048576K
}
Event: 33.964 GC heap after
{Heap after GC invocations=25 (full 0):
 garbage-first heap   total 56320K, used 34770K [0x00000000c2c00000, 0x0000000100000000)
  region size 1024K, 2 young (2048K), 2 survivors (2048K)
 Metaspace       used 69295K, committed 69952K, reserved 1114112K
  class space    used 9103K, committed 9408K, reserved 1048576K
}
Event: 35.485 GC heap before
{Heap before GC invocations=25 (full 0):
 garbage-first heap   total 56320K, used 50130K [0x00000000c2c00000, 0x0000000100000000)
  region size 1024K, 17 young (17408K), 2 survivors (2048K)
 Metaspace       used 71606K, committed 72384K, reserved 1114112K
  class space    used 9423K, committed 9792K, reserved 1048576K
}
Event: 35.494 GC heap after
{Heap after GC invocations=26 (full 0):
 garbage-first heap   total 56320K, used 36609K [0x00000000c2c00000, 0x0000000100000000)
  region size 1024K, 3 young (3072K), 3 survivors (3072K)
 Metaspace       used 71606K, committed 72384K, reserved 1114112K
  class space    used 9423K, committed 9792K, reserved 1048576K
}
Event: 101.829 GC heap before
{Heap before GC invocations=26 (full 0):
 garbage-first heap   total 56320K, used 48897K [0x00000000c2c00000, 0x0000000100000000)
  region size 1024K, 15 young (15360K), 3 survivors (3072K)
 Metaspace       used 72296K, committed 73088K, reserved 1114112K
  class space    used 9519K, committed 9856K, reserved 1048576K
}

Dll operation events (13 events):
Event: 0.028 Loaded shared library C:\Program Files\BellSoft\LibericaJDK-21\bin\java.dll
Event: 0.119 Loaded shared library C:\Program Files\BellSoft\LibericaJDK-21\bin\jsvml.dll
Event: 0.470 Loaded shared library C:\Program Files\BellSoft\LibericaJDK-21\bin\zip.dll
Event: 0.485 Loaded shared library C:\Program Files\BellSoft\LibericaJDK-21\bin\instrument.dll
Event: 0.535 Loaded shared library C:\Program Files\BellSoft\LibericaJDK-21\bin\net.dll
Event: 0.552 Loaded shared library C:\Program Files\BellSoft\LibericaJDK-21\bin\nio.dll
Event: 0.564 Loaded shared library C:\Program Files\BellSoft\LibericaJDK-21\bin\zip.dll
Event: 1.784 Loaded shared library C:\Program Files\BellSoft\LibericaJDK-21\bin\extnet.dll
Event: 1.894 Loaded shared library C:\Program Files\BellSoft\LibericaJDK-21\bin\jimage.dll
Event: 3.638 Loaded shared library C:\Program Files\BellSoft\LibericaJDK-21\bin\management.dll
Event: 4.082 Loaded shared library C:\Program Files\BellSoft\LibericaJDK-21\bin\management_ext.dll
Event: 11.830 Loaded shared library C:\Program Files\BellSoft\LibericaJDK-21\bin\sunmscapi.dll
Event: 21.438 Loaded shared library C:\Program Files\BellSoft\LibericaJDK-21\bin\verify.dll

Deoptimization events (20 events):
Event: 35.817 Thread 0x000001bae54eca80 Uncommon trap: trap_request=0xffffff45 fr.pc=0x000001ba94edae0c relative=0x000000000000006c
Event: 35.817 Thread 0x000001bae54eca80 Uncommon trap: reason=unstable_if action=reinterpret pc=0x000001ba94edae0c method=org.springframework.util.ConcurrentReferenceHashMap$Segment.clear()V @ 7 c2
Event: 35.817 Thread 0x000001bae54eca80 DEOPT PACKING pc=0x000001ba94edae0c sp=0x00000090407feb80
Event: 35.817 Thread 0x000001bae54eca80 DEOPT UNPACKING pc=0x000001ba9491469c sp=0x00000090407feb10 mode 2
Event: 35.823 Thread 0x000001bae54eca80 Uncommon trap: trap_request=0xffffff45 fr.pc=0x000001ba94f08538 relative=0x00000000000000f8
Event: 35.823 Thread 0x000001bae54eca80 Uncommon trap: reason=unstable_if action=reinterpret pc=0x000001ba94f08538 method=java.lang.ref.ReferenceQueue.poll()Ljava/lang/ref/Reference; @ 4 c2
Event: 35.823 Thread 0x000001bae54eca80 DEOPT PACKING pc=0x000001ba94f08538 sp=0x00000090407fe890
Event: 35.823 Thread 0x000001bae54eca80 DEOPT UNPACKING pc=0x000001ba9491469c sp=0x00000090407fe758 mode 2
Event: 35.823 Thread 0x000001bae54eca80 Uncommon trap: trap_request=0xffffff45 fr.pc=0x000001ba952d4964 relative=0x0000000000000ce4
Event: 35.823 Thread 0x000001bae54eca80 Uncommon trap: reason=unstable_if action=reinterpret pc=0x000001ba952d4964 method=org.springframework.util.ConcurrentReferenceHashMap$Segment.restructure(ZLorg/springframework/util/ConcurrentReferenceHashMap$Reference;)V @ 19 c2
Event: 35.823 Thread 0x000001bae54eca80 DEOPT PACKING pc=0x000001ba952d4964 sp=0x00000090407fe780
Event: 35.823 Thread 0x000001bae54eca80 DEOPT UNPACKING pc=0x000001ba9491469c sp=0x00000090407fe740 mode 2
Event: 35.876 Thread 0x000001bae54eca80 Uncommon trap: trap_request=0xffffff45 fr.pc=0x000001ba952d1bec relative=0x00000000000001ec
Event: 35.876 Thread 0x000001bae54eca80 Uncommon trap: reason=unstable_if action=reinterpret pc=0x000001ba952d1bec method=java.lang.invoke.MethodHandles$Lookup.isClassAccessible(Ljava/lang/Class;)Z @ 44 c2
Event: 35.876 Thread 0x000001bae54eca80 DEOPT PACKING pc=0x000001ba952d1bec sp=0x00000090407fb540
Event: 35.876 Thread 0x000001bae54eca80 DEOPT UNPACKING pc=0x000001ba9491469c sp=0x00000090407fb4d0 mode 2
Event: 36.028 Thread 0x000001bae54eca80 Uncommon trap: trap_request=0xffffff45 fr.pc=0x000001ba94f3b9b0 relative=0x0000000000000110
Event: 36.028 Thread 0x000001bae54eca80 Uncommon trap: reason=unstable_if action=reinterpret pc=0x000001ba94f3b9b0 method=java.util.ArrayList.indexOfRange(Ljava/lang/Object;II)I @ 7 c2
Event: 36.028 Thread 0x000001bae54eca80 DEOPT PACKING pc=0x000001ba94f3b9b0 sp=0x00000090407fe510
Event: 36.028 Thread 0x000001bae54eca80 DEOPT UNPACKING pc=0x000001ba9491469c sp=0x00000090407fe490 mode 2

Classes loaded (20 events):
Event: 35.987 Loading class java/nio/channels/Pipe$SinkChannel done
Event: 35.987 Loading class sun/nio/ch/SinkChannelImpl done
Event: 35.991 Loading class java/nio/channels/spi/AbstractSelector$1
Event: 35.991 Loading class java/nio/channels/spi/AbstractSelector$1 done
Event: 35.994 Loading class java/util/TreeMap$ValueSpliterator
Event: 35.995 Loading class java/util/TreeMap$TreeMapSpliterator
Event: 35.995 Loading class java/util/TreeMap$TreeMapSpliterator done
Event: 35.995 Loading class java/util/TreeMap$ValueSpliterator done
Event: 36.051 Loading class java/util/IdentityHashMap$KeySpliterator
Event: 36.052 Loading class java/util/IdentityHashMap$IdentityHashMapSpliterator
Event: 36.052 Loading class java/util/IdentityHashMap$IdentityHashMapSpliterator done
Event: 36.052 Loading class java/util/IdentityHashMap$KeySpliterator done
Event: 99.946 Loading class java/nio/BufferOverflowException
Event: 100.047 Loading class java/nio/BufferOverflowException done
Event: 100.622 Loading class java/nio/channels/ClosedChannelException
Event: 100.683 Loading class java/nio/channels/ClosedChannelException done
Event: 100.950 Loading class java/nio/channels/ReadPendingException
Event: 100.999 Loading class java/nio/channels/ReadPendingException done
Event: 101.030 Loading class java/nio/channels/WritePendingException
Event: 101.060 Loading class java/nio/channels/WritePendingException done

Classes unloaded (0 events):
No events

Classes redefined (0 events):
No events

Internal exceptions (20 events):
Event: 34.998 Thread 0x000001bae54eca80 Exception <a 'java/lang/NoSuchMethodError'{0x00000000c5acf6b8}: 'java.lang.Object java.lang.invoke.DirectMethodHandle$Holder.invokeStatic(java.lang.Object, java.lang.Object, java.lang.Object, java.lang.Object, java.lang.Object, java.lang.Object, java.lang.Object, int)'> (0x00000000c5acf6b8) 
thrown [s\src\hotspot\share\interpreter\linkResolver.cpp, line 773]
Event: 35.027 Thread 0x000001bae54eca80 Exception <a 'java/lang/ClassNotFoundException'{0x00000000c5999d08}: nz/net/ultraq/thymeleaf/layoutdialect/decorators/strategies/AppendingStrategyBeanInfo> (0x00000000c5999d08) 
thrown [s\src\hotspot\share\classfile\systemDictionary.cpp, line 312]
Event: 35.027 Thread 0x000001bae54eca80 Exception <a 'java/lang/ClassNotFoundException'{0x00000000c599f6b0}: nz/net/ultraq/thymeleaf/layoutdialect/decorators/strategies/AppendingStrategyCustomizer> (0x00000000c599f6b0) 
thrown [s\src\hotspot\share\classfile\systemDictionary.cpp, line 312]
Event: 35.081 Thread 0x000001bae54eca80 Exception <a 'java/lang/NoSuchMethodError'{0x00000000c59df138}: 'java.lang.Object java.lang.invoke.DirectMethodHandle$Holder.invokeStaticInit(java.lang.Object, java.lang.Object, java.lang.Object, java.lang.Object, java.lang.Object)'> (0x00000000c59df138) 
thrown [s\src\hotspot\share\interpreter\linkResolver.cpp, line 773]
Event: 35.081 Thread 0x000001bae54eca80 Exception <a 'java/lang/IncompatibleClassChangeError'{0x00000000c59e2f38}: Found class java.lang.Object, but interface was expected> (0x00000000c59e2f38) 
thrown [s\src\hotspot\share\interpreter\linkResolver.cpp, line 840]
Event: 35.081 Thread 0x000001bae54eca80 Exception <a 'java/lang/NoSuchMethodError'{0x00000000c59e3fd8}: 'java.lang.Object java.lang.invoke.DirectMethodHandle$Holder.invokeInterface(java.lang.Object, java.lang.Object, java.lang.Object, java.lang.Object, java.lang.Object)'> (0x00000000c59e3fd8) 
thrown [s\src\hotspot\share\interpreter\linkResolver.cpp, line 773]
Event: 35.094 Thread 0x000001bae54eca80 Exception <a 'java/lang/IncompatibleClassChangeError'{0x00000000c5808e98}: Found class java.lang.Object, but interface was expected> (0x00000000c5808e98) 
thrown [s\src\hotspot\share\interpreter\linkResolver.cpp, line 840]
Event: 35.095 Thread 0x000001bae54eca80 Exception <a 'java/lang/NoSuchMethodError'{0x00000000c580a228}: 'java.lang.Object java.lang.invoke.DirectMethodHandle$Holder.invokeStatic(java.lang.Object, java.lang.Object, int, java.lang.Object, java.lang.Object)'> (0x00000000c580a228) 
thrown [s\src\hotspot\share\interpreter\linkResolver.cpp, line 773]
Event: 35.096 Thread 0x000001bae54eca80 Exception <a 'java/lang/NoSuchMethodError'{0x00000000c5811b98}: 'java.lang.Object java.lang.invoke.DelegatingMethodHandle$Holder.reinvoke_L(java.lang.Object, java.lang.Object, int, java.lang.Object, java.lang.Object)'> (0x00000000c5811b98) 
thrown [s\src\hotspot\share\interpreter\linkResolver.cpp, line 773]
Event: 35.110 Thread 0x000001bae54eca80 Exception <a 'java/lang/ClassNotFoundException'{0x00000000c58655c8}: nz/net/ultraq/thymeleaf/layoutdialect/LayoutDialectBeanInfo> (0x00000000c58655c8) 
thrown [s\src\hotspot\share\classfile\systemDictionary.cpp, line 312]
Event: 35.111 Thread 0x000001bae54eca80 Exception <a 'java/lang/ClassNotFoundException'{0x00000000c586ac38}: org/thymeleaf/dialect/AbstractProcessorDialectBeanInfo> (0x00000000c586ac38) 
thrown [s\src\hotspot\share\classfile\systemDictionary.cpp, line 312]
Event: 35.113 Thread 0x000001bae54eca80 Exception <a 'java/lang/ClassNotFoundException'{0x00000000c5870298}: org/thymeleaf/dialect/AbstractDialectBeanInfo> (0x00000000c5870298) 
thrown [s\src\hotspot\share\classfile\systemDictionary.cpp, line 312]
Event: 35.113 Thread 0x000001bae54eca80 Exception <a 'java/lang/ClassNotFoundException'{0x00000000c5875798}: org/thymeleaf/dialect/AbstractDialectCustomizer> (0x00000000c5875798) 
thrown [s\src\hotspot\share\classfile\systemDictionary.cpp, line 312]
Event: 35.117 Thread 0x000001bae54eca80 Exception <a 'java/lang/ClassNotFoundException'{0x00000000c587d408}: org/thymeleaf/dialect/AbstractProcessorDialectCustomizer> (0x00000000c587d408) 
thrown [s\src\hotspot\share\classfile\systemDictionary.cpp, line 312]
Event: 35.119 Thread 0x000001bae54eca80 Exception <a 'java/lang/ClassNotFoundException'{0x00000000c5886280}: nz/net/ultraq/thymeleaf/layoutdialect/LayoutDialectCustomizer> (0x00000000c5886280) 
thrown [s\src\hotspot\share\classfile\systemDictionary.cpp, line 312]
Event: 35.132 Thread 0x000001bae54eca80 Exception <a 'java/lang/NoSuchMethodError'{0x00000000c58ce000}: 'int java.lang.invoke.DelegatingMethodHandle$Holder.reinvoke_L(java.lang.Object)'> (0x00000000c58ce000) 
thrown [s\src\hotspot\share\interpreter\linkResolver.cpp, line 773]
Event: 35.270 Thread 0x000001bae54eca80 Exception <a 'java/lang/IncompatibleClassChangeError'{0x00000000c54c2940}: Found class java.lang.Object, but interface was expected> (0x00000000c54c2940) 
thrown [s\src\hotspot\share\interpreter\linkResolver.cpp, line 840]
Event: 35.289 Thread 0x000001bae54eca80 Implicit null exception at 0x000001ba94ff72c2 to 0x000001ba94ff7338
Event: 35.414 Thread 0x000001bae54eca80 Exception <a 'java/lang/NoSuchMethodError'{0x00000000c5239660}: 'java.lang.Object java.lang.invoke.Invokers$Holder.invoke_MT(java.lang.Object, java.lang.Object, java.lang.Object, java.lang.Object, java.lang.Object, java.lang.Object, java.lang.Object, java.lang.Object, java.lang.Object, java.lang.Object, java.lang.Object)'> (0x00000000c5239660) 
thrown [s\src\hotspot\share\interpreter\linkResolver.cpp, line 773]
Event: 35.826 Thread 0x000001bae54eca80 Exception <a 'java/lang/NoSuchMethodError'{0x00000000c60efa78}: 'java.lang.Object java.lang.invoke.DirectMethodHandle$Holder.newInvokeSpecial(java.lang.Object, java.lang.Object, int, java.lang.Object, java.lang.Object)'> (0x00000000c60efa78) 
thrown [s\src\hotspot\share\interpreter\linkResolver.cpp, line 773]

ZGC Phase Switch (0 events):
No events

VM Operations (20 events):
Event: 35.494 Executing VM operation: G1CollectForAllocation (G1 Evacuation Pause) done
Event: 35.822 Executing VM operation: HandshakeAllThreads (Deoptimize)
Event: 35.823 Executing VM operation: HandshakeAllThreads (Deoptimize) done
Event: 36.844 Executing VM operation: Cleanup
Event: 36.844 Executing VM operation: Cleanup done
Event: 37.856 Executing VM operation: Cleanup
Event: 37.856 Executing VM operation: Cleanup done
Event: 39.865 Executing VM operation: Cleanup
Event: 39.865 Executing VM operation: Cleanup done
Event: 60.137 Executing VM operation: HandshakeAllThreads (HandshakeForDeflation)
Event: 60.137 Executing VM operation: HandshakeAllThreads (HandshakeForDeflation) done
Event: 60.137 Executing VM operation: RendezvousGCThreads
Event: 60.137 Executing VM operation: RendezvousGCThreads done
Event: 64.163 Executing VM operation: Cleanup
Event: 64.163 Executing VM operation: Cleanup done
Event: 66.182 Executing VM operation: Cleanup
Event: 66.182 Executing VM operation: Cleanup done
Event: 86.309 Executing VM operation: Cleanup
Event: 86.309 Executing VM operation: Cleanup done
Event: 101.802 Executing VM operation: G1CollectForAllocation (G1 Evacuation Pause)

Memory protections (0 events):
No events

Nmethod flushes (20 events):
Event: 33.008 Thread 0x000001ba9fb15920 flushing  nmethod 0x000001ba8d86ab90
Event: 33.008 Thread 0x000001ba9fb15920 flushing  nmethod 0x000001ba8d890690
Event: 33.008 Thread 0x000001ba9fb15920 flushing  nmethod 0x000001ba8d8c8810
Event: 33.008 Thread 0x000001ba9fb15920 flushing  nmethod 0x000001ba8d8c8f90
Event: 33.008 Thread 0x000001ba9fb15920 flushing  nmethod 0x000001ba8d8e4510
Event: 33.008 Thread 0x000001ba9fb15920 flushing  nmethod 0x000001ba8d8f6310
Event: 33.008 Thread 0x000001ba9fb15920 flushing  nmethod 0x000001ba8d954110
Event: 33.008 Thread 0x000001ba9fb15920 flushing  nmethod 0x000001ba8d99a890
Event: 33.008 Thread 0x000001ba9fb15920 flushing  nmethod 0x000001ba8da6bf90
Event: 33.008 Thread 0x000001ba9fb15920 flushing  nmethod 0x000001ba8da94a10
Event: 33.008 Thread 0x000001ba9fb15920 flushing  nmethod 0x000001ba8db26510
Event: 33.008 Thread 0x000001ba9fb15920 flushing  nmethod 0x000001ba8db2b490
Event: 33.008 Thread 0x000001ba9fb15920 flushing  nmethod 0x000001ba8dc38790
Event: 33.008 Thread 0x000001ba9fb15920 flushing  nmethod 0x000001ba8dc7b990
Event: 33.008 Thread 0x000001ba9fb15920 flushing  nmethod 0x000001ba8dc7d890
Event: 33.008 Thread 0x000001ba9fb15920 flushing  nmethod 0x000001ba8dc7dc90
Event: 33.008 Thread 0x000001ba9fb15920 flushing  nmethod 0x000001ba8dd5ee90
Event: 33.008 Thread 0x000001ba9fb15920 flushing  nmethod 0x000001ba8dde0410
Event: 33.008 Thread 0x000001ba9fb15920 flushing  nmethod 0x000001ba8de07d10
Event: 33.008 Thread 0x000001ba9fb15920 flushing  nmethod 0x000001ba8de8fe90

Events (20 events):
Event: 35.785 Thread 0x000001bae54eca80 Thread added: 0x000001bae738f7d0
Event: 35.786 Thread 0x000001bae54eca80 Thread added: 0x000001bae7391210
Event: 35.787 Thread 0x000001bae738f7d0 Thread exited: 0x000001bae738f7d0
Event: 35.899 Thread 0x000001bae54eca80 Thread added: 0x000001bae738fe60
Event: 35.899 Thread 0x000001bae54eca80 Thread added: 0x000001bae738f7d0
Event: 35.900 Thread 0x000001bae54eca80 Thread added: 0x000001bae73904f0
Event: 35.900 Thread 0x000001bae54eca80 Thread added: 0x000001bae8e848c0
Event: 35.900 Thread 0x000001bae54eca80 Thread added: 0x000001bae8e83510
Event: 35.900 Thread 0x000001bae54eca80 Thread added: 0x000001bae8e86300
Event: 35.901 Thread 0x000001bae54eca80 Thread added: 0x000001bae8e84f50
Event: 35.901 Thread 0x000001bae54eca80 Thread added: 0x000001bae8e83ba0
Event: 35.901 Thread 0x000001bae54eca80 Thread added: 0x000001bae8e82e80
Event: 35.901 Thread 0x000001bae54eca80 Thread added: 0x000001bae8e84230
Event: 35.990 Thread 0x000001bae54eca80 Thread added: 0x000001bae8e85c70
Event: 35.993 Thread 0x000001bae54eca80 Thread added: 0x000001bae8e855e0
Event: 36.055 Thread 0x000001bae54eca80 Thread exited: 0x000001bae54eca80
Event: 36.056 Thread 0x000001bae5736790 Thread exited: 0x000001bae5736790
Event: 36.057 Thread 0x000001ba84c92b80 Thread exited: 0x000001ba84c92b80
Event: 36.057 Thread 0x000001bae9065f00 Thread added: 0x000001bae9065f00
Event: 36.438 Thread 0x000001bae52eb4b0 Thread exited: 0x000001bae52eb4b0


Dynamic libraries:
0x00007ff65e630000 - 0x00007ff65e63e000 	C:\Program Files\BellSoft\LibericaJDK-21\bin\java.exe
0x00007ff86ac80000 - 0x00007ff86aee3000 	C:\WINDOWS\SYSTEM32\ntdll.dll
0x00007ff869c60000 - 0x00007ff869d27000 	C:\WINDOWS\System32\KERNEL32.DLL
0x00007ff868580000 - 0x00007ff868947000 	C:\WINDOWS\System32\KERNELBASE.dll
0x00007ff868430000 - 0x00007ff86857c000 	C:\WINDOWS\System32\ucrtbase.dll
0x00007ff84f260000 - 0x00007ff84f27b000 	C:\Program Files\BellSoft\LibericaJDK-21\bin\VCRUNTIME140.dll
0x00007ff84eeb0000 - 0x00007ff84eec8000 	C:\Program Files\BellSoft\LibericaJDK-21\bin\jli.dll
0x00007ff868cc0000 - 0x00007ff868e89000 	C:\WINDOWS\System32\USER32.dll
0x00007ff868150000 - 0x00007ff868177000 	C:\WINDOWS\System32\win32u.dll
0x00007ff86aaa0000 - 0x00007ff86aaca000 	C:\WINDOWS\System32\GDI32.dll
0x00007ff868020000 - 0x00007ff86814b000 	C:\WINDOWS\System32\gdi32full.dll
0x00007ff868950000 - 0x00007ff8689f3000 	C:\WINDOWS\System32\msvcp_win.dll
0x00007ff83f560000 - 0x00007ff83f7f0000 	C:\WINDOWS\WinSxS\amd64_microsoft.windows.common-controls_6595b64144ccf1df_6.0.26100.3037_none_3e09262ce333c378\COMCTL32.dll
0x00007ff8697c0000 - 0x00007ff869869000 	C:\WINDOWS\System32\msvcrt.dll
0x00007ff86a220000 - 0x00007ff86a24f000 	C:\WINDOWS\System32\IMM32.DLL
0x00007ff85a9b0000 - 0x00007ff85a9bc000 	C:\Program Files\BellSoft\LibericaJDK-21\bin\vcruntime140_1.dll
0x00007ff830dd0000 - 0x00007ff830e5e000 	C:\Program Files\BellSoft\LibericaJDK-21\bin\msvcp140.dll
0x00007fffc6620000 - 0x00007fffc73cc000 	C:\Program Files\BellSoft\LibericaJDK-21\bin\server\jvm.dll
0x00007ff869d30000 - 0x00007ff869de4000 	C:\WINDOWS\System32\ADVAPI32.dll
0x00007ff868b10000 - 0x00007ff868bb6000 	C:\WINDOWS\System32\sechost.dll
0x00007ff869130000 - 0x00007ff869246000 	C:\WINDOWS\System32\RPCRT4.dll
0x00007ff86aa00000 - 0x00007ff86aa74000 	C:\WINDOWS\System32\WS2_32.dll
0x00007ff867eb0000 - 0x00007ff867efe000 	C:\WINDOWS\SYSTEM32\POWRPROF.dll
0x00007ff855910000 - 0x00007ff855946000 	C:\WINDOWS\SYSTEM32\WINMM.dll
0x00007ff860e30000 - 0x00007ff860e3b000 	C:\WINDOWS\SYSTEM32\VERSION.dll
0x00007ff867e90000 - 0x00007ff867ea4000 	C:\WINDOWS\SYSTEM32\UMPDC.dll
0x00007ff866e50000 - 0x00007ff866e6a000 	C:\WINDOWS\SYSTEM32\kernel.appcore.dll
0x00007ff856ee0000 - 0x00007ff856eea000 	C:\Program Files\BellSoft\LibericaJDK-21\bin\jimage.dll
0x00007ff865a20000 - 0x00007ff865c61000 	C:\WINDOWS\SYSTEM32\DBGHELP.DLL
0x00007ff869870000 - 0x00007ff869bee000 	C:\WINDOWS\System32\combase.dll
0x00007ff869250000 - 0x00007ff869326000 	C:\WINDOWS\System32\OLEAUT32.dll
0x00007ff84e7f0000 - 0x00007ff84e829000 	C:\WINDOWS\SYSTEM32\dbgcore.DLL
0x00007ff868300000 - 0x00007ff868399000 	C:\WINDOWS\System32\bcryptPrimitives.dll
0x00007ff841580000 - 0x00007ff84158f000 	C:\Program Files\BellSoft\LibericaJDK-21\bin\instrument.dll
0x00007ff83d6a0000 - 0x00007ff83d6bf000 	C:\Program Files\BellSoft\LibericaJDK-21\bin\java.dll
0x00007ff86a2f0000 - 0x00007ff86a9f4000 	C:\WINDOWS\System32\SHELL32.dll
0x00007ff865d60000 - 0x00007ff866597000 	C:\WINDOWS\SYSTEM32\windows.storage.dll
0x00007ff86a100000 - 0x00007ff86a1e9000 	C:\WINDOWS\System32\SHCORE.dll
0x00007ff869c00000 - 0x00007ff869c5d000 	C:\WINDOWS\System32\shlwapi.dll
0x00007ff867f30000 - 0x00007ff867f5e000 	C:\WINDOWS\SYSTEM32\profapi.dll
0x00007ff80a9e0000 - 0x00007ff80aab7000 	C:\Program Files\BellSoft\LibericaJDK-21\bin\jsvml.dll
0x00007ff83c290000 - 0x00007ff83c2a8000 	C:\Program Files\BellSoft\LibericaJDK-21\bin\zip.dll
0x00007ff841950000 - 0x00007ff841960000 	C:\Program Files\BellSoft\LibericaJDK-21\bin\net.dll
0x00007ff85e390000 - 0x00007ff85e4ae000 	C:\WINDOWS\SYSTEM32\WINHTTP.dll
0x00007ff867360000 - 0x00007ff8673ca000 	C:\WINDOWS\system32\mswsock.dll
0x00007ff83cd50000 - 0x00007ff83cd66000 	C:\Program Files\BellSoft\LibericaJDK-21\bin\nio.dll
0x00007ff841530000 - 0x00007ff841539000 	C:\Program Files\BellSoft\LibericaJDK-21\bin\extnet.dll
0x00007ff8411b0000 - 0x00007ff8411ba000 	C:\Program Files\BellSoft\LibericaJDK-21\bin\management.dll
0x00007ff840650000 - 0x00007ff84065b000 	C:\Program Files\BellSoft\LibericaJDK-21\bin\management_ext.dll
0x00007ff86ac30000 - 0x00007ff86ac38000 	C:\WINDOWS\System32\PSAPI.DLL
0x00007ff8415e0000 - 0x00007ff8415ee000 	C:\Program Files\BellSoft\LibericaJDK-21\bin\sunmscapi.dll
0x00007ff868180000 - 0x00007ff8682f6000 	C:\WINDOWS\System32\CRYPT32.dll
0x00007ff867800000 - 0x00007ff867830000 	C:\WINDOWS\SYSTEM32\ncrypt.dll
0x00007ff8677b0000 - 0x00007ff8677ef000 	C:\WINDOWS\SYSTEM32\NTASN1.dll
0x00007ff867600000 - 0x00007ff86761c000 	C:\WINDOWS\SYSTEM32\CRYPTSP.dll
0x00007ff866db0000 - 0x00007ff866de8000 	C:\WINDOWS\system32\rsaenh.dll
0x00007ff867400000 - 0x00007ff86742b000 	C:\WINDOWS\SYSTEM32\USERENV.dll
0x00007ff867840000 - 0x00007ff867866000 	C:\WINDOWS\SYSTEM32\bcrypt.dll
0x00007ff867620000 - 0x00007ff86762c000 	C:\WINDOWS\SYSTEM32\CRYPTBASE.dll
0x00007ff866890000 - 0x00007ff8668c2000 	C:\WINDOWS\SYSTEM32\IPHLPAPI.DLL
0x00007ff86a090000 - 0x00007ff86a09a000 	C:\WINDOWS\System32\NSI.dll
0x00007ff8401c0000 - 0x00007ff8401d0000 	C:\Program Files\BellSoft\LibericaJDK-21\bin\verify.dll
0x00007ff866920000 - 0x00007ff866a45000 	C:\WINDOWS\SYSTEM32\DNSAPI.dll
0x000000006a5c0000 - 0x000000006a5e6000 	C:\Program Files\Bonjour\mdnsNSP.dll
0x00007ff858770000 - 0x00007ff85877b000 	C:\Windows\System32\rasadhlp.dll
0x00007ff85a190000 - 0x00007ff85a215000 	C:\WINDOWS\System32\fwpuclnt.dll
0x00007ff809970000 - 0x00007ff809978000 	C:\WINDOWS\system32\wshunix.dll

dbghelp: loaded successfully - version: 4.0.5 - missing functions: none
symbol engine: initialized successfully - sym options: 0x614 - pdb path: .;C:\Program Files\BellSoft\LibericaJDK-21\bin;C:\WINDOWS\SYSTEM32;C:\WINDOWS\WinSxS\amd64_microsoft.windows.common-controls_6595b64144ccf1df_6.0.26100.3037_none_3e09262ce333c378;C:\Program Files\BellSoft\LibericaJDK-21\bin\server;C:\Program Files\Bonjour

VM Arguments:
jvm_args: -javaagent:C:\Program Files\JetBrains\IntelliJ IDEA Community Edition 2025.1.1.1\lib\idea_rt.jar=61458 -Dfile.encoding=UTF-8 -Dsun.stdout.encoding=UTF-8 -Dsun.stderr.encoding=UTF-8 
java_command: org.esfe.SantaSofiaSysApplication
java_class_path (initial): C:\Users\miche\OneDrive\Escritorio\Santasofia\target\classes;C:\Users\miche\.m2\repository\org\springframework\boot\spring-boot-starter-data-jpa\3.5.4\spring-boot-starter-data-jpa-3.5.4.jar;C:\Users\miche\.m2\repository\org\springframework\boot\spring-boot-starter\3.5.4\spring-boot-starter-3.5.4.jar;C:\Users\miche\.m2\repository\org\springframework\boot\spring-boot-starter-logging\3.5.4\spring-boot-starter-logging-3.5.4.jar;C:\Users\miche\.m2\repository\ch\qos\logback\logback-classic\1.5.18\logback-classic-1.5.18.jar;C:\Users\miche\.m2\repository\ch\qos\logback\logback-core\1.5.18\logback-core-1.5.18.jar;C:\Users\miche\.m2\repository\org\apache\logging\log4j\log4j-to-slf4j\2.24.3\log4j-to-slf4j-2.24.3.jar;C:\Users\miche\.m2\repository\org\apache\logging\log4j\log4j-api\2.24.3\log4j-api-2.24.3.jar;C:\Users\miche\.m2\repository\org\slf4j\jul-to-slf4j\2.0.17\jul-to-slf4j-2.0.17.jar;C:\Users\miche\.m2\repository\jakarta\annotation\jakarta.annotation-api\2.1.1\jakarta.annotation-api-2.1.1.jar;C:\Users\miche\.m2\repository\org\yaml\snakeyaml\2.4\snakeyaml-2.4.jar;C:\Users\miche\.m2\repository\org\springframework\boot\spring-boot-starter-jdbc\3.5.4\spring-boot-starter-jdbc-3.5.4.jar;C:\Users\miche\.m2\repository\com\zaxxer\HikariCP\6.3.1\HikariCP-6.3.1.jar;C:\Users\miche\.m2\repository\org\springframework\spring-jdbc\6.2.9\spring-jdbc-6.2.9.jar;C:\Users\miche\.m2\repository\org\hibernate\orm\hibernate-core\6.6.22.Final\hibernate-core-6.6.22.Final.jar;C:\Users\miche\.m2\repository\jakarta\persistence\jakarta.persistence-api\3.1.0\jakarta.persistence-api-3.1.0.jar;C:\Users\miche\.m2\repository\jakarta\transaction\jakarta.transaction-api\2.0.1\jakarta.transaction-api-2.0.1.jar;C:\Users\miche\.m2\repository\org\jboss\logging\jboss-logging\3.6.1.Final\jboss-logging-3.6.1.Final.jar;C:\Users\miche\.m2\repository\org\hibernate\common\hibernate-commons-annotations\7.0.3.Final\hibernate-commons-annotations-7.0.3.Final.jar;C:\Users\miche\.m2\repository\io\smallrye\jandex\3.2.0\jandex-3.2.0.jar;C:\Users\miche\.m2\repository\com\fasterxml\classmate\1.7.0\classmate-1.7.0.jar;C:\Users\miche\.m2\repository\net\bytebuddy\byte-buddy\1.17.6\byte-buddy-1.17.6.jar;C:\Users\miche\.m2\repository\org\glassfish\jaxb\jaxb-runtime\4.0.5\jaxb-runtime-4.0.5.jar;C:\Users\miche\.m2\repository\org\glassfish\jaxb\jaxb-core\4.0.5\jaxb-core-4.0.5.jar;C:\Users\miche\.m2\repository\org\eclipse\angus\angus-activation\2.0.2\angus-activation-2.0.2.jar;C:\Users\miche\.m2\repository\org\glassfish\jaxb\txw2\4.0.5\txw2-4.0.5.jar;C:\Users\miche\.m2\repository\com\sun\istack\istack-commons-runtime\4.1.2\istack-commons-runtime-4.1.2.jar;C:\Users\miche\.m2\repository\jakarta\inject\jakarta.inject-api\2.0.1\jakarta.inject-api-2.0.1.jar;C:\Users\miche\.m2\repository\org\antlr\antlr4-runtime\4.13.0\antlr4-runtime-4.13.0.jar;C:\Users\miche\.m2\repository\org\springframework\data\spring-data-jpa\3.5.2\spring-data-jpa-3.5.2.jar;C:\Users\miche\.m2\repository\org\springframework\data\spring-data-commons\3.5.2\spring-data-commons-3.5.2.jar;C:\Users\miche\.m2\repository\org\springframework\spring-orm\6.2.9\spring-orm-6.2.9.jar;C:\Users\miche\.m2\repository\org\springframework\spring-context\6.2.9\spring-context-6.2.9.jar;C:\Users\miche\.m2\repository\org\springframework\spring-aop\6.2.9\spring-aop-6.2.9.jar;C:\Users\miche\.m2\repository\org\springframework\spring-tx\6.2.9\spring-tx-6.2.9.jar;C:\Users\miche\.m2\repository\org\springframework\spring-beans\6.2.9\spring-beans-6.2.9.jar;C:\Users\miche\.m2\repository\org\springframework\spring-aspects\6.2.9\spring-aspects-6.2.9.jar;C:\Users\miche\.m2\repository\org\aspectj\aspectjweaver\1.9.24\aspectjweaver-1.9.24.jar;C:\Users\miche\.m2\repository\org\springframework\boot\spring-boot-starter-thymeleaf\3.5.4\spring-boot-starter-thymeleaf-3.5.4.jar;C:\Users\miche\.m2\repository\org\thymeleaf\thymeleaf-spring6\3.1.3.RELEASE\thymeleaf-spring6-3.1.3.RELEASE.jar;C:\Users\miche\.m2\repository\org\springframework\boot\spring-boot-starter-web\3.5.4\spring-boot-starter-web-3.5.4.jar;C:\Users\miche\.m2\repository\org\springframework\boot\spring-boot-starter-json\3.5.4\spring-boot-starter-json-3.5.4.jar;C:\Users\miche\.m2\repository\com\fasterxml\jackson\core\jackson-databind\2.19.2\jackson-databind-2.19.2.jar;C:\Users\miche\.m2\repository\com\fasterxml\jackson\core\jackson-annotations\2.19.2\jackson-annotations-2.19.2.jar;C:\Users\miche\.m2\repository\com\fasterxml\jackson\core\jackson-core\2.19.2\jackson-core-2.19.2.jar;C:\Users\miche\.m2\repository\com\fasterxml\jackson\datatype\jackson-datatype-jdk8\2.19.2\jackson-datatype-jdk8-2.19.2.jar;C:\Users\miche\.m2\repository\com\fasterxml\jackson\datatype\jackson-datatype-jsr310\2.19.2\jackson-datatype-jsr310-2.19.2.jar;C:\Users\miche\.m2\repository\com\fasterxml\jackson\module\jackson-module-parameter-names\2.19.2\jackson-module-parameter-names-2.19.2.jar;C:\Users\miche\.m2\repository\org\springframework\boot\spring-boot-starter-tomcat\3.5.4\spring-boot-starter-tomcat-3.5.4.jar;C:\Users\miche\.m2\repository\org\apache\tomcat\embed\tomcat-embed-core\10.1.43\tomcat-embed-core-10.1.43.jar;C:\Users\miche\.m2\repository\org\apache\tomcat\embed\tomcat-embed-websocket\10.1.43\tomcat-embed-websocket-10.1.43.jar;C:\Users\miche\.m2\repository\org\springframework\spring-web\6.2.9\spring-web-6.2.9.jar;C:\Users\miche\.m2\repository\io\micrometer\micrometer-observation\1.15.2\micrometer-observation-1.15.2.jar;C:\Users\miche\.m2\repository\io\micrometer\micrometer-commons\1.15.2\micrometer-commons-1.15.2.jar;C:\Users\miche\.m2\repository\org\springframework\spring-webmvc\6.2.9\spring-webmvc-6.2.9.jar;C:\Users\miche\.m2\repository\org\springframework\spring-expression\6.2.9\spring-expression-6.2.9.jar;C:\Users\miche\.m2\repository\org\springframework\boot\spring-boot-devtools\3.5.4\spring-boot-devtools-3.5.4.jar;C:\Users\miche\.m2\repository\org\springframework\boot\spring-boot\3.5.4\spring-boot-3.5.4.jar;C:\Users\miche\.m2\repository\org\springframework\boot\spring-boot-autoconfigure\3.5.4\spring-boot-autoconfigure-3.5.4.jar;C:\Users\miche\.m2\repository\com\mysql\mysql-connector-j\9.3.0\mysql-connector-j-9.3.0.jar;C:\Users\miche\.m2\repository\nz\net\ultraq\thymeleaf\thymeleaf-layout-dialect\3.4.0\thymeleaf-layout-dialect-3.4.0.jar;C:\Users\miche\.m2\repository\org\apache\groovy\groovy\4.0.28\groovy-4.0.28.jar;C:\Users\miche\.m2\repository\nz\net\ultraq\groovy\groovy-extensions\2.3.3\groovy-extensions-2.3.3.jar;C:\Users\miche\.m2\repository\nz\net\ultraq\thymeleaf\thymeleaf-expression-processor\3.2.0\thymeleaf-expression-processor-3.2.0.jar;C:\Users\miche\.m2\repository\org\thymeleaf\thymeleaf\3.1.3.RELEASE\thymeleaf-3.1.3.RELEASE.jar;C:\Users\miche\.m2\repository\ognl\ognl\3.3.4\ognl-3.3.4.jar;C:\Users\miche\.m2\repository\org\javassist\javassist\3.29.0-GA\javassist-3.29.0-GA.jar;C:\Users\miche\.m2\repository\org\attoparser\attoparser\2.0.7.RELEASE\attoparser-2.0.7.RELEASE.jar;C:\Users\miche\.m2\repository\org\unbescape\unbescape\1.1.6.RELEASE\unbescape-1.1.6.RELEASE.jar;C:\Users\miche\.m2\repository\org\slf4j\slf4j-api\2.0.17\slf4j-api-2.0.17.jar;C:\Users\miche\.m2\repository\org\springframework\boot\spring-boot-starter-validation\3.3.1\spring-boot-starter-validation-3.3.1.jar;C:\Users\miche\.m2\repository\org\apache\tomcat\embed\tomcat-embed-el\10.1.43\tomcat-embed-el-10.1.43.jar;C:\Users\miche\.m2\repository\org\hibernate\validator\hibernate-validator\8.0.2.Final\hibernate-validator-8.0.2.Final.jar;C:\Users\miche\.m2\repository\jakarta\validation\jakarta.validation-api\3.0.2\jakarta.validation-api-3.0.2.jar;C:\Users\miche\.m2\repository\jakarta\xml\bind\jakarta.xml.bind-api\4.0.2\jakarta.xml.bind-api-4.0.2.jar;C:\Users\miche\.m2\repository\jakarta\activation\jakarta.activation-api\2.1.3\jakarta.activation-api-2.1.3.jar;C:\Users\miche\.m2\repository\org\springframework\spring-core\6.2.9\spring-core-6.2.9.jar;C:\Users\miche\.m2\repository\org\springframework\spring-jcl\6.2.9\spring-jcl-6.2.9.jar
Launcher Type: SUN_STANDARD

[Global flags]
     intx CICompilerCount                          = 3                                         {product} {ergonomic}
     uint ConcGCThreads                            = 1                                         {product} {ergonomic}
     uint G1ConcRefinementThreads                  = 4                                         {product} {ergonomic}
   size_t G1HeapRegionSize                         = 1048576                                   {product} {ergonomic}
    uintx GCDrainStackTargetSize                   = 64                                        {product} {ergonomic}
   size_t InitialHeapSize                          = 65011712                                  {product} {ergonomic}
   size_t MarkStackSize                            = 4194304                                   {product} {ergonomic}
   size_t MaxHeapSize                              = 1027604480                                {product} {ergonomic}
   size_t MaxNewSize                               = 616562688                                 {product} {ergonomic}
   size_t MinHeapDeltaBytes                        = 1048576                                   {product} {ergonomic}
   size_t MinHeapSize                              = 8388608                                   {product} {ergonomic}
    uintx NonNMethodCodeHeapSize                   = 5832780                                {pd product} {ergonomic}
    uintx NonProfiledCodeHeapSize                  = 122912730                              {pd product} {ergonomic}
    uintx ProfiledCodeHeapSize                     = 122912730                              {pd product} {ergonomic}
    uintx ReservedCodeCacheSize                    = 251658240                              {pd product} {ergonomic}
     bool SegmentedCodeCache                       = true                                      {product} {ergonomic}
   size_t SoftMaxHeapSize                          = 1027604480                             {manageable} {ergonomic}
     bool UseCompressedOops                        = true                           {product lp64_product} {ergonomic}
     bool UseG1GC                                  = true                                      {product} {ergonomic}
     bool UseLargePagesIndividualAllocation        = false                                  {pd product} {ergonomic}

Logging:
Log output configuration:
 #0: stdout all=warning uptime,level,tags foldmultilines=false
 #1: stderr all=off uptime,level,tags foldmultilines=false

Environment Variables:
JAVA_HOME=C:\Program Files\BellSoft\LibericaJDK-21\
PATH=C:\Program Files\BellSoft\LibericaJDK-21\bin\;C:\Program Files (x86)\Common Files\Oracle\Java\java8path;C:\Program Files (x86)\Common Files\Oracle\Java\javapath;C:\WINDOWS\system32;C:\WINDOWS;C:\WINDOWS\System32\Wbem;C:\WINDOWS\System32\WindowsPowerShell\v1.0\;C:\WINDOWS\System32\OpenSSH\;C:\Program Files\Microsoft SQL Server\150\Tools\Binn\;C:\Program Files\Microsoft SQL Server\Client SDK\ODBC\170\Tools\Binn\;C:\Program Files (x86)\Microsoft SQL Server\160\Tools\Binn\;C:\Program Files\Microsoft SQL Server\160\Tools\Binn\;C:\Program Files\Microsoft SQL Server\160\DTS\Binn\;C:\Program Files\dotnet\;C:\Program Files\Git\cmd;C:\Users\miche\AppData\Local\Microsoft\WindowsApps;C:\Users\miche\.dotnet\tools;C:\Program Files\JetBrains\IntelliJ IDEA Community Edition 2025.1.1.1\bin;
USERNAME=miche
OS=Windows_NT
PROCESSOR_IDENTIFIER=Intel64 Family 6 Model 122 Stepping 8, GenuineIntel
TMP=C:\Users\miche\AppData\Local\Temp
TEMP=C:\Users\miche\AppData\Local\Temp




Periodic native trim disabled

---------------  S Y S T E M  ---------------

OS:
 Windows 11 , 64 bit Build 26100 (10.0.26100.3037)
OS uptime: 6 days 18:13 hours

CPU: total 4 (initial active 4) (4 cores per cpu, 1 threads per core) family 6 model 122 stepping 8 microcode 0x20, cx8, cmov, fxsr, mmx, 3dnowpref, sse, sse2, sse3, ssse3, sse4.1, sse4.2, popcnt, tsc, tscinvbit, aes, erms, clmul, sha, clflush, clflushopt, rdtscp, rdpid
Processor Information for the first 4 processors :
  Max Mhz: 1101, Current Mhz: 1101, Mhz Limit: 1101

Memory: 4k page, system-wide physical 3916M (530M free)
TotalPageFile size 11525M (AvailPageFile size 863M)
current process WorkingSet (physical memory assigned to process): 54M, peak: 264M
current process commit charge ("private bytes"): 263M, peak: 300M

vm_info: OpenJDK 64-Bit Server VM (21.0.7+9-LTS) for windows-amd64 JRE (21.0.7+9-LTS), built on 2025-04-11T07:32:12Z by "hudson" with MS VC++ 17.1 (VS2022)

END.
